<?xml version="1.0" encoding="UTF-8"?>
<testng-results skipped="0" failed="0" ignored="0" total="2" passed="2">
  <reporter-output>
  </reporter-output>
  <suite name="Default suite" duration-ms="20850" started-at="2020-05-25T13:32:02 IST" finished-at="2020-05-25T13:32:23 IST">
    <groups>
    </groups>
    <test name="Default test" duration-ms="20850" started-at="2020-05-25T13:32:02 IST" finished-at="2020-05-25T13:32:23 IST">
      <class name="com.github.frostyaxe.frostyspark.tests.UnitTest">
        <test-method status="PASS" signature="springTestContextBeforeTestClass()[pri:0, instance:com.github.frostyaxe.frostyspark.tests.UnitTest@5d0a1059]" name="springTestContextBeforeTestClass" is-config="true" duration-ms="0" started-at="2020-05-25T13:32:02 IST" finished-at="2020-05-25T13:32:02 IST">
          <reporter-output>
          </reporter-output>
        </test-method> <!-- springTestContextBeforeTestClass -->
        <test-method status="PASS" signature="springTestContextPrepareTestInstance()[pri:0, instance:com.github.frostyaxe.frostyspark.tests.UnitTest@5d0a1059]" name="springTestContextPrepareTestInstance" is-config="true" duration-ms="805" started-at="2020-05-25T13:32:02 IST" depends-on-methods="org.springframework.test.context.testng.AbstractTestNGSpringContextTests.springTestContextBeforeTestClass" finished-at="2020-05-25T13:32:03 IST">
          <reporter-output>
          </reporter-output>
        </test-method> <!-- springTestContextPrepareTestInstance -->
        <test-method status="PASS" signature="springTestContextBeforeTestMethod(java.lang.reflect.Method)[pri:0, instance:com.github.frostyaxe.frostyspark.tests.UnitTest@5d0a1059]" name="springTestContextBeforeTestMethod" is-config="true" duration-ms="0" started-at="2020-05-25T13:32:03 IST" finished-at="2020-05-25T13:32:03 IST">
          <params>
            <param index="0">
              <value>
                <![CDATA[public void com.github.frostyaxe.frostyspark.tests.UnitTest.test() throws java.lang.InterruptedException]]>
              </value>
            </param>
          </params>
          <reporter-output>
          </reporter-output>
        </test-method> <!-- springTestContextBeforeTestMethod -->
        <test-method status="PASS" signature="test()[pri:0, instance:com.github.frostyaxe.frostyspark.tests.UnitTest@5d0a1059]" name="test" duration-ms="10003" started-at="2020-05-25T13:32:03 IST" finished-at="2020-05-25T13:32:13 IST">
          <reporter-output>
          </reporter-output>
        </test-method> <!-- test -->
        <test-method status="PASS" signature="test1()[pri:0, instance:com.github.frostyaxe.frostyspark.tests.UnitTest@5d0a1059]" name="test1" duration-ms="10011" started-at="2020-05-25T13:32:13 IST" finished-at="2020-05-25T13:32:23 IST">
          <reporter-output>
          </reporter-output>
        </test-method> <!-- test1 -->
        <test-method status="PASS" signature="springTestContextAfterTestMethod(java.lang.reflect.Method)[pri:0, instance:com.github.frostyaxe.frostyspark.tests.UnitTest@5d0a1059]" name="springTestContextAfterTestMethod" is-config="true" duration-ms="0" started-at="2020-05-25T13:32:13 IST" finished-at="2020-05-25T13:32:13 IST">
          <params>
            <param index="0">
              <value>
                <![CDATA[public void com.github.frostyaxe.frostyspark.tests.UnitTest.test() throws java.lang.InterruptedException]]>
              </value>
            </param>
          </params>
          <reporter-output>
          </reporter-output>
        </test-method> <!-- springTestContextAfterTestMethod -->
        <test-method status="PASS" signature="springTestContextBeforeTestMethod(java.lang.reflect.Method)[pri:0, instance:com.github.frostyaxe.frostyspark.tests.UnitTest@5d0a1059]" name="springTestContextBeforeTestMethod" is-config="true" duration-ms="0" started-at="2020-05-25T13:32:13 IST" finished-at="2020-05-25T13:32:13 IST">
          <params>
            <param index="0">
              <value>
                <![CDATA[public void com.github.frostyaxe.frostyspark.tests.UnitTest.test1() throws java.lang.InterruptedException]]>
              </value>
            </param>
          </params>
          <reporter-output>
          </reporter-output>
        </test-method> <!-- springTestContextBeforeTestMethod -->
        <test-method status="PASS" signature="springTestContextAfterTestClass()[pri:0, instance:com.github.frostyaxe.frostyspark.tests.UnitTest@5d0a1059]" name="springTestContextAfterTestClass" is-config="true" duration-ms="0" started-at="2020-05-25T13:32:23 IST" finished-at="2020-05-25T13:32:23 IST">
          <reporter-output>
          </reporter-output>
        </test-method> <!-- springTestContextAfterTestClass -->
        <test-method status="PASS" signature="springTestContextAfterTestMethod(java.lang.reflect.Method)[pri:0, instance:com.github.frostyaxe.frostyspark.tests.UnitTest@5d0a1059]" name="springTestContextAfterTestMethod" is-config="true" duration-ms="0" started-at="2020-05-25T13:32:23 IST" finished-at="2020-05-25T13:32:23 IST">
          <params>
            <param index="0">
              <value>
                <![CDATA[public void com.github.frostyaxe.frostyspark.tests.UnitTest.test1() throws java.lang.InterruptedException]]>
              </value>
            </param>
          </params>
          <reporter-output>
          </reporter-output>
        </test-method> <!-- springTestContextAfterTestMethod -->
      </class> <!-- com.github.frostyaxe.frostyspark.tests.UnitTest -->
    </test> <!-- Default test -->
  </suite> <!-- Default suite -->
</testng-results>
